time="2024-12-10T19:26:51+03:00" level=info msg="create router" func="main.main()" file="app.go:26"
time="2024-12-10T19:26:51+03:00" level=info msg="register user handler" func="main.main()" file="app.go:30"
time="2024-12-10T19:43:43+03:00" level=info msg="create router" func="main.main()" file="app.go:25"
time="2024-12-10T19:43:43+03:00" level=info msg="register user handler" func="main.main()" file="app.go:29"
time="2024-12-10T19:43:43+03:00" level=info msg="start application" func="main.start()" file="app.go:40"
time="2024-12-10T19:43:43+03:00" level=info msg="server is listening port 0.0.0.0:1234" func="main.start()" file="app.go:54"
time="2024-12-10T19:48:58+03:00" level=info msg="create router" func="main.main()" file="app.go:25"
time="2024-12-10T19:48:58+03:00" level=info msg="register user handler" func="main.main()" file="app.go:29"
time="2024-12-10T19:48:58+03:00" level=info msg="start application" func="main.start()" file="app.go:40"
time="2024-12-10T19:48:58+03:00" level=info msg="server is listening port 0.0.0.0:1234" func="main.start()" file="app.go:54"
time="2024-12-10T21:44:53+03:00" level=info msg="create router" func="main.main()" file="app.go:29"
time="2024-12-10T21:44:53+03:00" level=info msg="read application configuration" func="rest-api/internal/config.GetConfig.func1()" file="config.go:25"
time="2024-12-10T21:44:53+03:00" level=info func="rest-api/internal/config.GetConfig.func1()" file="config.go:29"
time="2024-12-10T21:44:53+03:00" level=fatal msg="open config.yml: no such file or directory" func="rest-api/internal/config.GetConfig.func1()" file="config.go:30"
time="2024-12-10T21:46:05+03:00" level=info msg="create router" func="main.main()" file="app.go:29"
time="2024-12-10T21:46:05+03:00" level=info msg="read application configuration" func="rest-api/internal/config.GetConfig.func1()" file="config.go:25"
time="2024-12-10T21:46:05+03:00" level=info func="rest-api/internal/config.GetConfig.func1()" file="config.go:29"
time="2024-12-10T21:46:05+03:00" level=fatal msg="open config.yml: no such file or directory" func="rest-api/internal/config.GetConfig.func1()" file="config.go:30"
time="2024-12-10T21:49:39+03:00" level=info msg="create router" func="main.main()" file="app.go:29"
time="2024-12-10T21:49:39+03:00" level=info msg="read application configuration" func="rest-api/internal/config.GetConfig.func1()" file="config.go:25"
time="2024-12-10T21:49:39+03:00" level=info func="rest-api/internal/config.GetConfig.func1()" file="config.go:29"
time="2024-12-10T21:49:39+03:00" level=fatal msg="open rest-api/pkg/config.yml: no such file or directory" func="rest-api/internal/config.GetConfig.func1()" file="config.go:30"
time="2024-12-10T21:50:59+03:00" level=info msg="create router" func="main.main()" file="app.go:29"
time="2024-12-10T21:50:59+03:00" level=info msg="read application configuration" func="rest-api/internal/config.GetConfig.func1()" file="config.go:25"
time="2024-12-10T21:50:59+03:00" level=info func="rest-api/internal/config.GetConfig.func1()" file="config.go:29"
time="2024-12-10T21:50:59+03:00" level=fatal msg="config file parsing error: yaml: line 6: mapping values are not allowed in this context" func="rest-api/internal/config.GetConfig.func1()" file="config.go:30"
time="2024-12-10T21:51:47+03:00" level=info msg="create router" func="main.main()" file="app.go:29"
time="2024-12-10T21:51:47+03:00" level=info msg="read application configuration" func="rest-api/internal/config.GetConfig.func1()" file="config.go:25"
time="2024-12-10T21:51:47+03:00" level=info msg="register user handler" func="main.main()" file="app.go:35"
time="2024-12-10T21:51:47+03:00" level=info msg="start application" func="main.start()" file="app.go:46"
time="2024-12-10T21:51:47+03:00" level=info msg=tcp func="main.start()" file="app.go:66"
time="2024-12-10T21:51:47+03:00" level=info msg="server is listening port 0.0.0.0:10000" func="main.start()" file="app.go:82"
time="2024-12-10T22:10:38+03:00" level=info msg="create router" func="main.main()" file="app.go:29"
time="2024-12-10T22:10:38+03:00" level=info msg="read application configuration" func="rest-api/internal/config.GetConfig.func1()" file="config.go:25"
time="2024-12-10T22:10:38+03:00" level=info msg="register user handler" func="main.main()" file="app.go:35"
time="2024-12-10T22:10:38+03:00" level=info msg="start application" func="main.start()" file="app.go:46"
time="2024-12-10T22:10:38+03:00" level=debug msg="socket path: /var/folders/0p/1cc2ql0j4hb2vs3syxq0zbwc0000gn/T/go-build3824862937/b001/exe/app.sock" func="main.start()" file="app.go:58"
time="2024-12-10T22:10:38+03:00" level=info msg="create unix socket" func="main.start()" file="app.go:60"
time="2024-12-10T22:10:38+03:00" level=info msg="server is listening port 127.0.0.1:8080" func="main.start()" file="app.go:82"
time="2024-12-10T22:16:10+03:00" level=info msg="create router" func="main.main()" file="app.go:29"
time="2024-12-10T22:16:10+03:00" level=info msg="read application configuration" func="rest-api/internal/config.GetConfig.func1()" file="config.go:25"
time="2024-12-10T22:16:10+03:00" level=info msg="register user handler" func="main.main()" file="app.go:35"
time="2024-12-10T22:16:10+03:00" level=info msg="start application" func="main.start()" file="app.go:46"
time="2024-12-10T22:16:10+03:00" level=info msg="detecy app path" func="main.start()" file="app.go:52"
time="2024-12-10T22:16:10+03:00" level=info msg="create socket" func="main.start()" file="app.go:57"
time="2024-12-10T22:16:10+03:00" level=debug msg="socket path: /var/folders/0p/1cc2ql0j4hb2vs3syxq0zbwc0000gn/T/go-build1327051055/b001/exe/app.sock" func="main.start()" file="app.go:59"
time="2024-12-10T22:16:10+03:00" level=info msg="create unix socket" func="main.start()" file="app.go:61"
time="2024-12-10T22:16:10+03:00" level=info msg="server is listening unix socket /var/folders/0p/1cc2ql0j4hb2vs3syxq0zbwc0000gn/T/go-build1327051055/b001/exe/app.sock" func="main.start()" file="app.go:63"
time="2025-04-14T23:26:26+03:00" level=info msg="create router" func="main.main()" file="app.go:29"
time="2025-04-14T23:26:26+03:00" level=info msg="read application configuration" func="rest-api/internal/config.GetConfig.func1()" file="config.go:25"
time="2025-04-14T23:26:26+03:00" level=info msg="register user handler" func="main.main()" file="app.go:35"
time="2025-04-14T23:26:26+03:00" level=info msg="start application" func="main.start()" file="app.go:46"
time="2025-04-14T23:26:26+03:00" level=info msg="detect app path" func="main.start()" file="app.go:52"
time="2025-04-14T23:26:26+03:00" level=info msg="create socket" func="main.start()" file="app.go:57"
time="2025-04-14T23:26:26+03:00" level=debug msg="socket path: /var/folders/0p/1cc2ql0j4hb2vs3syxq0zbwc0000gn/T/go-build3221456181/b001/exe/app.sock" func="main.start()" file="app.go:59"
time="2025-04-14T23:26:26+03:00" level=info msg="create unix socket" func="main.start()" file="app.go:61"
time="2025-04-14T23:26:26+03:00" level=info msg="server is listening unix socket /var/folders/0p/1cc2ql0j4hb2vs3syxq0zbwc0000gn/T/go-build3221456181/b001/exe/app.sock" func="main.start()" file="app.go:63"
time="2025-04-14T23:30:29+03:00" level=info msg="create router" func="main.main()" file="app.go:29"
time="2025-04-14T23:30:29+03:00" level=info msg="read application configuration" func="rest-api/internal/config.GetConfig.func1()" file="config.go:25"
time="2025-04-14T23:30:29+03:00" level=info msg="register user handler" func="main.main()" file="app.go:35"
time="2025-04-14T23:30:29+03:00" level=info msg="start application" func="main.start()" file="app.go:46"
time="2025-04-14T23:30:29+03:00" level=info msg=tcp func="main.start()" file="app.go:66"
time="2025-04-14T23:30:29+03:00" level=info msg="server is listening port 0.0.0.0:10000" func="main.start()" file="app.go:68"
time="2025-04-14T23:32:22+03:00" level=info msg="create router" func="main.main()" file="app.go:29"
time="2025-04-14T23:32:22+03:00" level=info msg="read application configuration" func="rest-api/internal/config.GetConfig.func1()" file="config.go:25"
time="2025-04-14T23:32:22+03:00" level=info msg="register user handler" func="main.main()" file="app.go:35"
time="2025-04-14T23:32:22+03:00" level=info msg="start application" func="main.start()" file="app.go:46"
time="2025-04-14T23:32:22+03:00" level=info msg="detect app path" func="main.start()" file="app.go:52"
time="2025-04-14T23:32:22+03:00" level=info msg="create socket" func="main.start()" file="app.go:57"
time="2025-04-14T23:32:22+03:00" level=debug msg="socket path: /var/folders/0p/1cc2ql0j4hb2vs3syxq0zbwc0000gn/T/go-build1529681481/b001/exe/app.sock" func="main.start()" file="app.go:59"
time="2025-04-14T23:32:22+03:00" level=info msg="create unix socket" func="main.start()" file="app.go:61"
time="2025-04-14T23:32:22+03:00" level=info msg="server is listening unix socket /var/folders/0p/1cc2ql0j4hb2vs3syxq0zbwc0000gn/T/go-build1529681481/b001/exe/app.sock" func="main.start()" file="app.go:63"
time="2025-04-15T16:04:39+03:00" level=info msg="create router" func="main.main()" file="app.go:32"
time="2025-04-15T16:04:39+03:00" level=info msg="read application configuration" func="rest-api/internal/config.GetConfig.func1()" file="config.go:34"
time="2025-04-15T16:05:34+03:00" level=info msg="create router" func="main.main()" file="app.go:32"
time="2025-04-15T16:05:34+03:00" level=info msg="read application configuration" func="rest-api/internal/config.GetConfig.func1()" file="config.go:34"
time="2025-04-15T16:07:08+03:00" level=info msg="create router" func="main.main()" file="app.go:32"
time="2025-04-15T16:07:08+03:00" level=info msg="read application configuration" func="rest-api/internal/config.GetConfig.func1()" file="config.go:34"
time="2025-04-15T16:08:47+03:00" level=info msg="create router" func="main.main()" file="app.go:32"
time="2025-04-15T16:08:47+03:00" level=info msg="read application configuration" func="rest-api/internal/config.GetConfig.func1()" file="config.go:34"
time="2025-04-15T16:09:21+03:00" level=info msg="create router" func="main.main()" file="app.go:32"
time="2025-04-15T16:09:21+03:00" level=info msg="create router" func="main.main()" file="app.go:32"
time="2025-04-15T16:10:22+03:00" level=info msg="read application configuration" func="rest-api/internal/config.GetConfig.func1()" file="config.go:34"
time="2025-04-15T16:10:44+03:00" level=info msg="read application configuration" func="rest-api/internal/config.GetConfig.func1()" file="config.go:34"
time="2025-04-15T16:17:34+03:00" level=info msg="create router" func="main.main()" file="app.go:32"
time="2025-04-15T16:17:34+03:00" level=info msg="read application configuration" func="rest-api/internal/config.GetConfig.func1()" file="config.go:34"
time="2025-04-15T16:58:24+03:00" level=info msg="create router" func="main.main()" file="app.go:32"
time="2025-04-15T16:58:24+03:00" level=info msg="read application configuration" func="rest-api/internal/config.GetConfig.func1()" file="config.go:34"
time="2025-04-15T16:58:24+03:00" level=debug msg="create user" func="rest-api/internal/user/db.(*db).Create()" file="mongodb.go:23"
time="2025-04-15T16:58:24+03:00" level=debug msg="convert insertedID to ObjectID" func="rest-api/internal/user/db.(*db).Create()" file="mongodb.go:28"
time="2025-04-15T16:58:24+03:00" level=trace msg="{ someaddress@gmail.com iiix 12345678}" func="rest-api/internal/user/db.(*db).Create()" file="mongodb.go:33"
time="2025-04-15T17:04:32+03:00" level=info msg="create router" func="main.main()" file="app.go:32"
time="2025-04-15T17:04:32+03:00" level=info msg="read application configuration" func="rest-api/internal/config.GetConfig.func1()" file="config.go:34"
time="2025-04-15T17:04:32+03:00" level=debug msg="create user" func="rest-api/internal/user/db.(*db).Create()" file="mongodb.go:23"
time="2025-04-15T17:04:32+03:00" level=debug msg="convert insertedID to ObjectID" func="rest-api/internal/user/db.(*db).Create()" file="mongodb.go:28"
time="2025-04-15T17:04:32+03:00" level=info msg=67fe6770b4ae54336d5ffae2 func="main.main()" file="app.go:55"
time="2025-04-15T17:04:32+03:00" level=info msg="register user handler" func="main.main()" file="app.go:57"
time="2025-04-15T17:04:32+03:00" level=info msg="start application" func="main.start()" file="app.go:68"
time="2025-04-15T17:04:32+03:00" level=info msg="detect app path" func="main.start()" file="app.go:74"
time="2025-04-15T17:04:32+03:00" level=info msg="create socket" func="main.start()" file="app.go:79"
time="2025-04-15T17:04:32+03:00" level=debug msg="socket path: /var/folders/0p/1cc2ql0j4hb2vs3syxq0zbwc0000gn/T/go-build676616487/b001/exe/app.sock" func="main.start()" file="app.go:81"
time="2025-04-15T17:04:32+03:00" level=info msg="create unix socket" func="main.start()" file="app.go:83"
time="2025-04-15T17:04:32+03:00" level=info msg="server is listening unix socket /var/folders/0p/1cc2ql0j4hb2vs3syxq0zbwc0000gn/T/go-build676616487/b001/exe/app.sock" func="main.start()" file="app.go:85"
time="2025-04-15T17:20:52+03:00" level=info msg="create router" func="main.main()" file="app.go:32"
time="2025-04-15T17:20:52+03:00" level=info msg="read application configuration" func="rest-api/internal/config.GetConfig.func1()" file="config.go:34"
time="2025-04-15T17:20:52+03:00" level=debug msg="create user" func="rest-api/internal/user/db.(*db).Create()" file="mongodb.go:23"
time="2025-04-15T17:20:52+03:00" level=debug msg="convert insertedID to ObjectID" func="rest-api/internal/user/db.(*db).Create()" file="mongodb.go:28"
time="2025-04-15T17:20:52+03:00" level=info msg=67fe6b44cfc2896f791cd8fb func="main.main()" file="app.go:55"
time="2025-04-15T17:20:52+03:00" level=info msg="register user handler" func="main.main()" file="app.go:57"
time="2025-04-15T17:20:52+03:00" level=info msg="start application" func="main.start()" file="app.go:68"
time="2025-04-15T17:20:52+03:00" level=info msg="detect app path" func="main.start()" file="app.go:74"
time="2025-04-15T17:20:52+03:00" level=info msg="create socket" func="main.start()" file="app.go:79"
time="2025-04-15T17:20:52+03:00" level=debug msg="socket path: /var/folders/0p/1cc2ql0j4hb2vs3syxq0zbwc0000gn/T/go-build1523569770/b001/exe/app.sock" func="main.start()" file="app.go:81"
time="2025-04-15T17:20:52+03:00" level=info msg="create unix socket" func="main.start()" file="app.go:83"
time="2025-04-15T17:20:52+03:00" level=info msg="server is listening unix socket /var/folders/0p/1cc2ql0j4hb2vs3syxq0zbwc0000gn/T/go-build1523569770/b001/exe/app.sock" func="main.start()" file="app.go:85"
time="2025-04-15T17:30:08+03:00" level=info msg="create router" func="main.main()" file="app.go:32"
time="2025-04-15T17:30:08+03:00" level=info msg="read application configuration" func="rest-api/internal/config.GetConfig.func1()" file="config.go:34"
time="2025-04-15T17:30:08+03:00" level=debug msg="create user" func="rest-api/internal/user/db.(*db).Create()" file="mongodb.go:23"
time="2025-04-15T17:30:08+03:00" level=debug msg="convert insertedID to ObjectID" func="rest-api/internal/user/db.(*db).Create()" file="mongodb.go:28"
time="2025-04-15T17:30:08+03:00" level=info msg=67fe6d703dcff42a1b6119f1 func="main.main()" file="app.go:55"
time="2025-04-15T17:30:08+03:00" level=info msg="register user handler" func="main.main()" file="app.go:57"
time="2025-04-15T17:30:08+03:00" level=info msg="start application" func="main.start()" file="app.go:68"
time="2025-04-15T17:30:08+03:00" level=info msg="detect app path" func="main.start()" file="app.go:74"
time="2025-04-15T17:30:08+03:00" level=info msg="create socket" func="main.start()" file="app.go:79"
time="2025-04-15T17:30:08+03:00" level=debug msg="socket path: /var/folders/0p/1cc2ql0j4hb2vs3syxq0zbwc0000gn/T/go-build3437384777/b001/exe/app.sock" func="main.start()" file="app.go:81"
time="2025-04-15T17:30:08+03:00" level=info msg="create unix socket" func="main.start()" file="app.go:83"
time="2025-04-15T17:30:08+03:00" level=info msg="server is listening unix socket /var/folders/0p/1cc2ql0j4hb2vs3syxq0zbwc0000gn/T/go-build3437384777/b001/exe/app.sock" func="main.start()" file="app.go:85"
time="2025-04-15T17:40:38+03:00" level=info msg="create router" func="main.main()" file="app.go:32"
time="2025-04-15T17:40:38+03:00" level=info msg="read application configuration" func="rest-api/internal/config.GetConfig.func1()" file="config.go:34"
time="2025-04-15T17:40:38+03:00" level=debug msg="create user" func="rest-api/internal/user/db.(*db).Create()" file="mongodb.go:23"
time="2025-04-15T17:40:38+03:00" level=debug msg="convert insertedID to ObjectID" func="rest-api/internal/user/db.(*db).Create()" file="mongodb.go:28"
time="2025-04-15T17:40:38+03:00" level=info msg=67fe6fe6ff99aa36af81bfdd func="main.main()" file="app.go:55"
time="2025-04-15T17:40:38+03:00" level=debug msg="create user" func="rest-api/internal/user/db.(*db).Create()" file="mongodb.go:23"
time="2025-04-15T17:40:38+03:00" level=debug msg="convert insertedID to ObjectID" func="rest-api/internal/user/db.(*db).Create()" file="mongodb.go:28"
time="2025-04-15T17:40:38+03:00" level=info msg=67fe6fe6ff99aa36af81bfde func="main.main()" file="app.go:67"
time="2025-04-15T17:40:38+03:00" level=info msg="register user handler" func="main.main()" file="app.go:71"
time="2025-04-15T17:40:38+03:00" level=info msg="start application" func="main.start()" file="app.go:82"
time="2025-04-15T17:40:38+03:00" level=info msg="detect app path" func="main.start()" file="app.go:88"
time="2025-04-15T17:40:38+03:00" level=info msg="create socket" func="main.start()" file="app.go:93"
time="2025-04-15T17:40:38+03:00" level=debug msg="socket path: /var/folders/0p/1cc2ql0j4hb2vs3syxq0zbwc0000gn/T/go-build2972250171/b001/exe/app.sock" func="main.start()" file="app.go:95"
time="2025-04-15T17:40:38+03:00" level=info msg="create unix socket" func="main.start()" file="app.go:97"
time="2025-04-15T17:40:38+03:00" level=info msg="server is listening unix socket /var/folders/0p/1cc2ql0j4hb2vs3syxq0zbwc0000gn/T/go-build2972250171/b001/exe/app.sock" func="main.start()" file="app.go:99"
time="2025-04-15T17:42:15+03:00" level=info msg="create router" func="main.main()" file="app.go:32"
time="2025-04-15T17:42:15+03:00" level=info msg="read application configuration" func="rest-api/internal/config.GetConfig.func1()" file="config.go:34"
time="2025-04-15T17:42:15+03:00" level=debug msg="create user" func="rest-api/internal/user/db.(*db).Create()" file="mongodb.go:23"
time="2025-04-15T17:42:15+03:00" level=debug msg="convert insertedID to ObjectID" func="rest-api/internal/user/db.(*db).Create()" file="mongodb.go:28"
time="2025-04-15T17:42:15+03:00" level=info msg=67fe7047e00697db08a47a1a func="main.main()" file="app.go:55"
time="2025-04-15T17:42:40+03:00" level=debug msg="create user" func="rest-api/internal/user/db.(*db).Create()" file="mongodb.go:23"
time="2025-04-15T17:42:40+03:00" level=debug msg="convert insertedID to ObjectID" func="rest-api/internal/user/db.(*db).Create()" file="mongodb.go:28"
time="2025-04-15T17:42:42+03:00" level=info msg=67fe7060e00697db08a47a1b func="main.main()" file="app.go:67"
time="2025-04-15T17:42:53+03:00" level=trace msg="Matched 1 documents and Modified 1 documents" func="rest-api/internal/user/db.(*db).Update()" file="mongodb.go:91"
time="2025-04-15T17:42:53+03:00" level=trace msg="Deleted 1 documents s" func="rest-api/internal/user/db.(*db).Delete()" file="mongodb.go:113"
time="2025-04-15T17:43:08+03:00" level=info msg="create router" func="main.main()" file="app.go:32"
time="2025-04-15T17:43:08+03:00" level=info msg="read application configuration" func="rest-api/internal/config.GetConfig.func1()" file="config.go:34"
time="2025-04-15T17:43:08+03:00" level=debug msg="create user" func="rest-api/internal/user/db.(*db).Create()" file="mongodb.go:23"
time="2025-04-15T17:43:08+03:00" level=debug msg="convert insertedID to ObjectID" func="rest-api/internal/user/db.(*db).Create()" file="mongodb.go:28"
time="2025-04-15T17:43:08+03:00" level=info msg=67fe707cceb1897b96b8b39a func="main.main()" file="app.go:55"
time="2025-04-15T17:43:19+03:00" level=debug msg="create user" func="rest-api/internal/user/db.(*db).Create()" file="mongodb.go:23"
time="2025-04-15T17:43:19+03:00" level=debug msg="convert insertedID to ObjectID" func="rest-api/internal/user/db.(*db).Create()" file="mongodb.go:28"
time="2025-04-15T17:43:20+03:00" level=info msg=67fe7087ceb1897b96b8b39b func="main.main()" file="app.go:67"
time="2025-04-15T17:43:48+03:00" level=trace msg="Matched 1 documents and Modified 1 documents" func="rest-api/internal/user/db.(*db).Update()" file="mongodb.go:91"
time="2025-04-15T17:44:04+03:00" level=trace msg="Deleted 1 documents s" func="rest-api/internal/user/db.(*db).Delete()" file="mongodb.go:113"
time="2025-04-15T17:44:50+03:00" level=info msg="create router" func="main.main()" file="app.go:32"
time="2025-04-15T17:44:50+03:00" level=info msg="read application configuration" func="rest-api/internal/config.GetConfig.func1()" file="config.go:34"
time="2025-04-15T17:44:50+03:00" level=debug msg="create user" func="rest-api/internal/user/db.(*db).Create()" file="mongodb.go:23"
time="2025-04-15T17:44:50+03:00" level=debug msg="convert insertedID to ObjectID" func="rest-api/internal/user/db.(*db).Create()" file="mongodb.go:28"
time="2025-04-15T17:44:50+03:00" level=info msg=67fe70e230409420d455bf54 func="main.main()" file="app.go:55"
time="2025-04-15T17:44:50+03:00" level=debug msg="create user" func="rest-api/internal/user/db.(*db).Create()" file="mongodb.go:23"
time="2025-04-15T17:44:50+03:00" level=debug msg="convert insertedID to ObjectID" func="rest-api/internal/user/db.(*db).Create()" file="mongodb.go:28"
time="2025-04-15T17:44:50+03:00" level=info msg=67fe70e230409420d455bf55 func="main.main()" file="app.go:67"
time="2025-04-15T17:44:50+03:00" level=trace msg="Matched 1 documents and Modified 1 documents" func="rest-api/internal/user/db.(*db).Update()" file="mongodb.go:91"
time="2025-04-15T17:44:50+03:00" level=trace msg="Deleted 1 documents s" func="rest-api/internal/user/db.(*db).Delete()" file="mongodb.go:113"
time="2025-04-15T18:01:01+03:00" level=info msg="create router" func="main.main()" file="app.go:32"
time="2025-04-15T18:01:01+03:00" level=info msg="read application configuration" func="rest-api/internal/config.GetConfig.func1()" file="config.go:34"
time="2025-04-15T18:01:36+03:00" level=info msg="register user handler" func="main.main()" file="app.go:48"
time="2025-04-15T18:01:36+03:00" level=info msg="start application" func="main.start()" file="app.go:59"
time="2025-04-15T18:01:36+03:00" level=info msg="detect app path" func="main.start()" file="app.go:65"
time="2025-04-15T18:01:36+03:00" level=info msg="create socket" func="main.start()" file="app.go:70"
time="2025-04-15T18:01:36+03:00" level=debug msg="socket path: /Library/go_projects/rest-api/cmd/main/app.sock" func="main.start()" file="app.go:72"
time="2025-04-15T18:01:36+03:00" level=info msg="create unix socket" func="main.start()" file="app.go:74"
time="2025-04-15T18:01:36+03:00" level=info msg="server is listening unix socket /Library/go_projects/rest-api/cmd/main/app.sock" func="main.start()" file="app.go:76"
time="2025-04-15T18:01:46+03:00" level=info msg="create router" func="main.main()" file="app.go:32"
time="2025-04-15T18:01:46+03:00" level=info msg="read application configuration" func="rest-api/internal/config.GetConfig.func1()" file="config.go:34"
time="2025-04-15T18:01:46+03:00" level=info msg="register user handler" func="main.main()" file="app.go:48"
time="2025-04-15T18:01:46+03:00" level=info msg="start application" func="main.start()" file="app.go:59"
time="2025-04-15T18:01:46+03:00" level=info msg="detect app path" func="main.start()" file="app.go:65"
time="2025-04-15T18:01:46+03:00" level=info msg="create socket" func="main.start()" file="app.go:70"
time="2025-04-15T18:01:46+03:00" level=debug msg="socket path: /var/folders/0p/1cc2ql0j4hb2vs3syxq0zbwc0000gn/T/go-build1520735283/b001/exe/app.sock" func="main.start()" file="app.go:72"
time="2025-04-15T18:01:46+03:00" level=info msg="create unix socket" func="main.start()" file="app.go:74"
time="2025-04-15T18:01:46+03:00" level=info msg="server is listening unix socket /var/folders/0p/1cc2ql0j4hb2vs3syxq0zbwc0000gn/T/go-build1520735283/b001/exe/app.sock" func="main.start()" file="app.go:76"
time="2025-04-15T19:29:54+03:00" level=info msg="create router" func="main.main()" file="app.go:29"
time="2025-04-15T19:29:54+03:00" level=info msg="read application configuration" func="rest-api/internal/config.GetConfig.func1()" file="config.go:34"
time="2025-04-15T19:29:54+03:00" level=info msg="register user handler" func="main.main()" file="app.go:44"
time="2025-04-15T19:29:54+03:00" level=info msg="start application" func="main.start()" file="app.go:55"
time="2025-04-15T19:29:54+03:00" level=info msg=tcp func="main.start()" file="app.go:75"
time="2025-04-15T19:29:54+03:00" level=info msg="server is listening port 127.0.0.1:10000" func="main.start()" file="app.go:77"
time="2025-04-15T19:33:04+03:00" level=info msg="create router" func="main.main()" file="app.go:29"
time="2025-04-15T19:33:04+03:00" level=info msg="read application configuration" func="rest-api/internal/config.GetConfig.func1()" file="config.go:34"
time="2025-04-15T19:33:04+03:00" level=info msg="register user handler" func="main.main()" file="app.go:44"
time="2025-04-15T19:33:04+03:00" level=info msg="start application" func="main.start()" file="app.go:55"
time="2025-04-15T19:33:04+03:00" level=info msg=tcp func="main.start()" file="app.go:75"
time="2025-04-15T19:33:04+03:00" level=info msg="server is listening port 127.0.0.1:1234" func="main.start()" file="app.go:77"
time="2025-04-15T19:37:15+03:00" level=info msg="create router" func="main.main()" file="app.go:29"
time="2025-04-15T19:37:15+03:00" level=info msg="read application configuration" func="rest-api/internal/config.GetConfig.func1()" file="config.go:34"
time="2025-04-15T19:37:15+03:00" level=info msg="register user handler" func="main.main()" file="app.go:44"
time="2025-04-15T19:37:15+03:00" level=info msg="start application" func="main.start()" file="app.go:55"
time="2025-04-15T19:37:15+03:00" level=info msg=tcp func="main.start()" file="app.go:75"
time="2025-04-15T19:37:15+03:00" level=info msg="server is listening port 127.0.0.1:1234" func="main.start()" file="app.go:77"
time="2025-04-15T19:41:09+03:00" level=info msg="create router" func="main.main()" file="app.go:29"
time="2025-04-15T19:41:09+03:00" level=info msg="read application configuration" func="rest-api/internal/config.GetConfig.func1()" file="config.go:34"
time="2025-04-15T19:41:09+03:00" level=info msg="register user handler" func="main.main()" file="app.go:44"
time="2025-04-15T19:41:09+03:00" level=info msg="start application" func="main.start()" file="app.go:55"
time="2025-04-15T19:41:09+03:00" level=info msg=tcp func="main.start()" file="app.go:75"
time="2025-04-15T19:41:09+03:00" level=info msg="server is listening port 127.0.0.1:1234" func="main.start()" file="app.go:77"
